#-----------------------------------------------------------
# Vivado v2016.2 (64-bit)
# SW Build 1577090 on Thu Jun  2 16:32:40 MDT 2016
# IP Build 1577682 on Fri Jun  3 12:00:54 MDT 2016
# Start of session at: Thu Apr 06 12:02:47 2017
# Process ID: 3216
# Current directory: Z:/COURSES/MASTERS/Vivado/GTH_transcievers_template/gtwizard_0_example
# Command line: vivado.exe -gui_launcher_event rodinguilauncherevent7000 Z:\COURSES\MASTERS\Vivado\GTH_transcievers_template\gtwizard_0_example\gtwizard_0_example.xpr
# Log file: Z:/COURSES/MASTERS/Vivado/GTH_transcievers_template/gtwizard_0_example/vivado.log
# Journal file: Z:/COURSES/MASTERS/Vivado/GTH_transcievers_template/gtwizard_0_example\vivado.jou
#-----------------------------------------------------------
start_gui
open_project Z:/COURSES/MASTERS/Vivado/GTH_transcievers_template/gtwizard_0_example/gtwizard_0_example.xpr
INFO: [Project 1-313] Project file moved from 'z:/COURSES/MASTERS/Vivado/GTH_transcievers_2/GTH_transcievers_template/gtwizard_0_example' since last save.
Scanning sources...
Finished scanning sources
INFO: [IP_Flow 19-234] Refreshing IP repositories
INFO: [IP_Flow 19-1704] No user IP repositories specified
INFO: [IP_Flow 19-2313] Loaded Vivado IP repository 'C:/Xilinx/Vivado/2016.2/data/ip'.
open_project: Time (s): cpu = 00:00:11 ; elapsed = 00:00:05 . Memory (MB): peak = 763.926 ; gain = 107.590
update_compile_order -fileset sources_1
exit
INFO: [Common 17-206] Exiting Vivado at Thu Apr 06 12:14:22 2017...
