Copyright 1986-2017 Xilinx, Inc. All Rights Reserved.
---------------------------------------------------------------------------------------------------------------------------
| Tool Version : Vivado v.2017.1 (lin64) Build 1846317 Fri Apr 14 18:54:47 MDT 2017
| Date         : Tue Jun 20 13:11:29 2017
| Host         : freakuency-N550JK running 64-bit Ubuntu 14.04.5 LTS
| Command      : report_utilization -file gtwizard_0_exdes_utilization_synth.rpt -pb gtwizard_0_exdes_utilization_synth.pb
| Design       : gtwizard_0_exdes
| Device       : 7vx690tffg1761-2
| Design State : Synthesized
---------------------------------------------------------------------------------------------------------------------------

Utilization Design Information

Table of Contents
-----------------
1. Slice Logic
1.1 Summary of Registers by Type
2. Memory
3. DSP
4. IO and GT Specific
5. Clocking
6. Specific Feature
7. Primitives
8. Black Boxes
9. Instantiated Netlists

1. Slice Logic
--------------

+----------------------------+-------+-------+-----------+-------+
|          Site Type         |  Used | Fixed | Available | Util% |
+----------------------------+-------+-------+-----------+-------+
| Slice LUTs*                | 40213 |     0 |    433200 |  9.28 |
|   LUT as Logic             | 40212 |     0 |    433200 |  9.28 |
|   LUT as Memory            |     1 |     0 |    174200 | <0.01 |
|     LUT as Distributed RAM |     0 |     0 |           |       |
|     LUT as Shift Register  |     1 |     0 |           |       |
| Slice Registers            | 11268 |     0 |    866400 |  1.30 |
|   Register as Flip Flop    | 11260 |     0 |    866400 |  1.30 |
|   Register as Latch        |     8 |     0 |    866400 | <0.01 |
| F7 Muxes                   |  6347 |     0 |    216600 |  2.93 |
| F8 Muxes                   |  2200 |     0 |    108300 |  2.03 |
+----------------------------+-------+-------+-----------+-------+
* Warning! The Final LUT count, after physical optimizations and full implementation, is typically lower. Run opt_design after synthesis, if not already completed, for a more realistic count.


1.1 Summary of Registers by Type
--------------------------------

+-------+--------------+-------------+--------------+
| Total | Clock Enable | Synchronous | Asynchronous |
+-------+--------------+-------------+--------------+
| 0     |            _ |           - |            - |
| 0     |            _ |           - |          Set |
| 0     |            _ |           - |        Reset |
| 0     |            _ |         Set |            - |
| 0     |            _ |       Reset |            - |
| 0     |          Yes |           - |            - |
| 14    |          Yes |           - |          Set |
| 8370  |          Yes |           - |        Reset |
| 239   |          Yes |         Set |            - |
| 2645  |          Yes |       Reset |            - |
+-------+--------------+-------------+--------------+


2. Memory
---------

+----------------+------+-------+-----------+-------+
|    Site Type   | Used | Fixed | Available | Util% |
+----------------+------+-------+-----------+-------+
| Block RAM Tile |    0 |     0 |      1470 |  0.00 |
|   RAMB36/FIFO* |    0 |     0 |      1470 |  0.00 |
|   RAMB18       |    0 |     0 |      2940 |  0.00 |
+----------------+------+-------+-----------+-------+
* Note: Each Block RAM Tile only has one FIFO logic available and therefore can accommodate only one FIFO36E1 or one FIFO18E1. However, if a FIFO18E1 occupies a Block RAM Tile, that tile can still accommodate a RAMB18E1


3. DSP
------

+-----------+------+-------+-----------+-------+
| Site Type | Used | Fixed | Available | Util% |
+-----------+------+-------+-----------+-------+
| DSPs      |    0 |     0 |      3600 |  0.00 |
+-----------+------+-------+-----------+-------+


4. IO and GT Specific
---------------------

+-----------------------------+------+-------+-----------+-------+
|          Site Type          | Used | Fixed | Available | Util% |
+-----------------------------+------+-------+-----------+-------+
| Bonded IOB                  |   47 |     0 |       850 |  5.53 |
| Bonded IPADs                |    2 |     0 |       110 |  1.82 |
| Bonded OPADs                |    0 |     0 |        72 |  0.00 |
| PHY_CONTROL                 |    0 |     0 |        20 |  0.00 |
| PHASER_REF                  |    0 |     0 |        20 |  0.00 |
| OUT_FIFO                    |    0 |     0 |        80 |  0.00 |
| IN_FIFO                     |    0 |     0 |        80 |  0.00 |
| IDELAYCTRL                  |    0 |     0 |        20 |  0.00 |
| IBUFDS                      |    1 |     0 |       816 |  0.12 |
| GTHE2_CHANNEL               |    0 |     0 |        36 |  0.00 |
| PHASER_OUT/PHASER_OUT_PHY   |    0 |     0 |        80 |  0.00 |
| PHASER_IN/PHASER_IN_PHY     |    0 |     0 |        80 |  0.00 |
| IDELAYE2/IDELAYE2_FINEDELAY |    0 |     0 |      1000 |  0.00 |
| ODELAYE2/ODELAYE2_FINEDELAY |    0 |     0 |      1000 |  0.00 |
| IBUFDS_GTE2                 |    1 |     0 |        18 |  5.56 |
| ILOGIC                      |    0 |     0 |       850 |  0.00 |
| OLOGIC                      |    0 |     0 |       850 |  0.00 |
+-----------------------------+------+-------+-----------+-------+


5. Clocking
-----------

+------------+------+-------+-----------+-------+
|  Site Type | Used | Fixed | Available | Util% |
+------------+------+-------+-----------+-------+
| BUFGCTRL   |    7 |     0 |        32 | 21.88 |
| BUFIO      |    0 |     0 |        80 |  0.00 |
| MMCME2_ADV |    2 |     0 |        20 | 10.00 |
| PLLE2_ADV  |    0 |     0 |        20 |  0.00 |
| BUFMRCE    |    0 |     0 |        40 |  0.00 |
| BUFHCE     |    0 |     0 |       240 |  0.00 |
| BUFR       |    0 |     0 |        80 |  0.00 |
+------------+------+-------+-----------+-------+


6. Specific Feature
-------------------

+-------------+------+-------+-----------+-------+
|  Site Type  | Used | Fixed | Available | Util% |
+-------------+------+-------+-----------+-------+
| BSCANE2     |    0 |     0 |         4 |  0.00 |
| CAPTUREE2   |    0 |     0 |         1 |  0.00 |
| DNA_PORT    |    0 |     0 |         1 |  0.00 |
| EFUSE_USR   |    0 |     0 |         1 |  0.00 |
| FRAME_ECCE2 |    0 |     0 |         1 |  0.00 |
| ICAPE2      |    0 |     0 |         2 |  0.00 |
| PCIE_3_0    |    0 |     0 |         3 |  0.00 |
| STARTUPE2   |    0 |     0 |         1 |  0.00 |
| XADC        |    0 |     0 |         1 |  0.00 |
+-------------+------+-------+-----------+-------+


7. Primitives
-------------

+--------------+-------+---------------------+
|   Ref Name   |  Used | Functional Category |
+--------------+-------+---------------------+
| LUT6         | 19969 |                 LUT |
| LUT5         | 15835 |                 LUT |
| FDCE         |  8362 |        Flop & Latch |
| MUXF7        |  6347 |               MuxFx |
| LUT3         |  3360 |                 LUT |
| FDRE         |  2645 |        Flop & Latch |
| LUT4         |  2373 |                 LUT |
| MUXF8        |  2200 |               MuxFx |
| LUT2         |  1031 |                 LUT |
| LUT1         |   419 |                 LUT |
| FDSE         |   239 |        Flop & Latch |
| CARRY4       |   147 |          CarryLogic |
| OBUF         |    24 |                  IO |
| IBUF         |    23 |                  IO |
| FDPE         |    14 |        Flop & Latch |
| LDCE         |     8 |        Flop & Latch |
| BUFG         |     7 |               Clock |
| OBUFT        |     2 |                  IO |
| MMCME2_ADV   |     2 |               Clock |
| SRL16E       |     1 |  Distributed Memory |
| IBUFDS_GTE2  |     1 |                  IO |
| IBUFDS       |     1 |                  IO |
| GTHE2_COMMON |     1 |                  IO |
+--------------+-------+---------------------+


8. Black Boxes
--------------

+------------+------+
|  Ref Name  | Used |
+------------+------+
| gtwizard_0 |    1 |
+------------+------+


9. Instantiated Netlists
------------------------

+----------+------+
| Ref Name | Used |
+----------+------+


