#-----------------------------------------------------------
# Vivado v2016.2 (64-bit)
# SW Build 1577090 on Thu Jun  2 16:32:40 MDT 2016
# IP Build 1577682 on Fri Jun  3 12:00:54 MDT 2016
# Start of session at: Thu Apr 06 12:16:00 2017
# Process ID: 812
# Current directory: Z:/COURSES/MASTERS/Vivado/GTH_transcievers_template/gtwizard_0_example
# Command line: vivado.exe -gui_launcher_event rodinguilauncherevent4300 Z:\COURSES\MASTERS\Vivado\GTH_transcievers_template\gtwizard_0_example\gtwizard_0_example.xpr
# Log file: Z:/COURSES/MASTERS/Vivado/GTH_transcievers_template/gtwizard_0_example/vivado.log
# Journal file: Z:/COURSES/MASTERS/Vivado/GTH_transcievers_template/gtwizard_0_example\vivado.jou
#-----------------------------------------------------------
start_gui
open_project Z:/COURSES/MASTERS/Vivado/GTH_transcievers_template/gtwizard_0_example/gtwizard_0_example.xpr
Scanning sources...
Finished scanning sources
INFO: [IP_Flow 19-234] Refreshing IP repositories
INFO: [IP_Flow 19-1704] No user IP repositories specified
INFO: [IP_Flow 19-2313] Loaded Vivado IP repository 'C:/Xilinx/Vivado/2016.2/data/ip'.
open_project: Time (s): cpu = 00:00:12 ; elapsed = 00:00:05 . Memory (MB): peak = 814.113 ; gain = 134.801
update_compile_order -fileset sources_1
